<?xml version="1.0" encoding="UTF-8"?>
<testsuite name="org.isen.fuelnav2.view.map.DefaultCarteTest" tests="1" skipped="0" failures="0" errors="0" timestamp="2023-02-23T17:49:19" hostname="ANTHONY-LAPTOP" time="0.0">
  <properties/>
  <testcase name="registerToMapUpdateAndAdd" classname="org.isen.fuelnav2.view.map.DefaultCarteTest" time="0.0"/>
  <system-out><![CDATA[]]></system-out>
  <system-err><![CDATA[]]></system-err>
</testsuite>
